<?xml version="1.0" encoding="UTF-8"?>
<testsuite name="Kragle Regression" tests="198" errors="0" failures="44" skipped="7" time="33679.038">
<testcase classname="Kragle Regression" name="Test Application Specific Test Cases" time="0.201">
</testcase>
<testcase classname="Kragle Regression" name="Test Device Specific Test Cases" time="5.062">
</testcase>
<testcase classname="Kragle Regression" name="Test: Global Settings - Send Error Logs Process (macOS-10.16-x86_64-i386-64bit)" time="68.302">
<failure message="*HTML*&lt;b&gt;Known Issue:&lt;/b&gt;[&lt;a href=https://jira.logitech.io/browse/KRGL-8949&gt;KRGL-8949&lt;/a&gt;]&#10;Verify 'LGHUB Crashpad Handler' process is not running: 'COMMAND&#10;launchd&#10;syslogd&#10;UserEventAgent&#10;uninstalld&#10;fseventsd&#10;mediaremoted&#10;systemstats&#10;configd&#10;dsAccessService&#10;powerd&#10;remoted&#10;logd&#10;keybagd&#10;softwareupdated&#10;watchdogd&#10;warmd&#10;mds&#10;iconservicesd&#10;kernelmanagerd&#10;    [ Message content over the limit has been removed. ]&#10;login&#10;-zsh&#10;sh&#10;java&#10;sh&#10;sh&#10;sh&#10;Python&#10;Python&#10;Python&#10;lghub&#10;lghub Helper (GPU)&#10;lghub Helper&#10;lghub Helper (Renderer)&#10;chromedriver_2_44&#10;sleep&#10;ps&#10;login&#10;-zsh&#10;' contains 'logi_crashpad_handler' &#10;&#10; &lt;a href=dmp_logs_2022_07_14_13_21_16.zip&gt;DEBUG_LOGS&lt;/a&gt; &#10;&#10; &lt;a href=end_test-screenshot-20220714-132115.png&gt;SCREENSHOT&lt;/a&gt; &#10;&#10; &lt;a href=/private/var/jenkins/workspace/sion_features_navigation_screens/report14072022_13_21_53_page_source.html&gt;PAGE_SOURCE&lt;/a&gt;" type="AssertionError"/>
</testcase>
<testcase classname="Kragle Regression" name="Test: Global Settings - Desktop Notifications (macOS-10.16-x86_64-i386-64bit)" time="25.832">
</testcase>
<testcase classname="Kragle Regression" name="Test: Global Settings - GHUB Manual Link Should Open In Default Browser (macOS-10.16-x86_64-i386-64bit)" time="120.142">
<failure message="*HTML*WebDriverException: Message: unknown error: cannot connect to chrome at localhost:9228&#10;from unknown error: unable to discover open pages&#10;  (Driver info: chromedriver=2.44.609545 (c2f88692e98ce7233d2df7c724465ecacfe74df5),platform=Mac OS X 10.16.0 x86_64)&#10; &#10;&#10; &lt;a href=dmp_logs_2022_07_14_13_24_39.zip&gt;DEBUG_LOGS&lt;/a&gt; &#10;&#10; &lt;a href=end_test-screenshot-20220714-132438.png&gt;SCREENSHOT&lt;/a&gt; &#10;&#10; &lt;a href=/private/var/jenkins/workspace/sion_features_navigation_screens/report14072022_13_25_02_page_source.html&gt;PAGE_SOURCE&lt;/a&gt;" type="AssertionError"/>
</testcase>
<testcase classname="Kragle Regression" name="Test: Global Settings - Send Feedback Link Should Open In Default Browser (macOS-10.16-x86_64-i386-64bit)" time="29.971">
</testcase>
<testcase classname="Kragle Regression" name="Test: Global Settings - Send Error Report (macOS-10.16-x86_64-i386-64bit)" time="52.480">
</testcase>
<testcase classname="Kragle Regression" name="Test: Global Settings - Persistent Profile For Application (macOS-10.16-x86_64-i386-64bit)" time="119.971">
<failure message="*HTML*&lt;b&gt;Known Issue:&lt;/b&gt;[&lt;a href=https://jira.logitech.io/browse/KRGL-9079&gt;KRGL-9079&lt;/a&gt;]&#10;Failure: Selector &quot;.dls-select__anchor&quot; with attribute(s) &quot;{'text': 'TEXTEDIT'}&quot; is Not Loaded &#10;&#10; &lt;a href=dmp_logs_2022_07_14_13_28_42.zip&gt;DEBUG_LOGS&lt;/a&gt; &#10;&#10; &lt;a href=end_test-screenshot-20220714-132842.png&gt;SCREENSHOT&lt;/a&gt; &#10;&#10; &lt;a href=/private/var/jenkins/workspace/sion_features_navigation_screens/report14072022_13_29_07_page_source.html&gt;PAGE_SOURCE&lt;/a&gt;" type="AssertionError"/>
</testcase>
<testcase classname="Kragle Regression" name="Test: Global Settings - Analytics Json Files Dynamically Get Created When Share My Usage Data Option Is Checked (macOS-10.16-x86_64-i386-64bit)" time="88.653">
</testcase>
<testcase classname="Kragle Regression" name="Test: Global Settings - User Can Change Language (macOS-10.16-x86_64-i386-64bit)" time="57.253">
</testcase>
<testcase classname="Kragle Regression" name="Test: Global Settings - Global Persistent Profile Behavior (macOS-10.16-x86_64-i386-64bit)" time="202.261">
</testcase>
<testcase classname="Kragle Regression" name="Test: Global Settings - Turn On/Off Lighting After User Inactivity (macOS-10.16-x86_64-i386-64bit)" time="33.761">
</testcase>
<testcase classname="Kragle Regression" name="Connect Device: G203:wired" time="1.021">
</testcase>
<testcase classname="Kragle Regression" name="Test: Local And Cloud Profile For Mouse: G203 (Mac 11.5, Wired)" time="371.230">
<failure message="*HTML*AttributeError: 'NoneType' object has no attribute 'text' &#10;&#10; &lt;a href=dmp_logs_2022_07_14_13_41_57.zip&gt;DEBUG_LOGS&lt;/a&gt; &#10;&#10; &lt;a href=end_test-screenshot-20220714-134156.png&gt;SCREENSHOT&lt;/a&gt; &#10;&#10; &lt;a href=/private/var/jenkins/workspace/sion_features_navigation_screens/report14072022_13_42_23_page_source.html&gt;PAGE_SOURCE&lt;/a&gt;" type="AssertionError"/>
</testcase>
<testcase classname="Kragle Regression" name="Test: OOB Software Support For Mouse: G203 (Mac 11.5, Wired)" time="208.579">
</testcase>
<testcase classname="Kragle Regression" name="Test: Lightsync Effect For Mouse: G203 (Mac 11.5, Wired)" time="26.110">
</testcase>
<testcase classname="Kragle Regression" name="Test: Lightsync Effect With Restart G HUB For Mouse: G203 (Mac 11.5, Wired)" time="2.161">
</testcase>
<testcase classname="Kragle Regression" name="Test: Lightsync Effect With Sleep System For Mouse: G203 (Mac 11.5, Wired)" time="72.863">
<failure message="*HTML*Variable '@{effects}' not found. &#10;&#10; &lt;a href=dmp_logs_2022_07_14_13_47_52.zip&gt;DEBUG_LOGS&lt;/a&gt; &#10;&#10; &lt;a href=end_test-screenshot-20220714-134751.png&gt;SCREENSHOT&lt;/a&gt; &#10;&#10; &lt;a href=/private/var/jenkins/workspace/sion_features_navigation_screens/report14072022_13_48_15_page_source.html&gt;PAGE_SOURCE&lt;/a&gt;" type="AssertionError"/>
</testcase>
<testcase classname="Kragle Regression" name="Test: Lightsync Effect With Onboard Profile For Mouse: G203 (Mac 11.5, Wired)" time="15.378">
</testcase>
<testcase classname="Kragle Regression" name="Test: Global Settings - My Gear For Mouse: G203 (Mac 11.5, Wired)" time="15.457">
</testcase>
<testcase classname="Kragle Regression" name="Test: Global Settings - Verify Show Tutorial Enables Coach Marks For Mouse: G203 (Mac 11.5, Wired)" time="62.433">
<failure message="*HTML*Failure: Selector &quot;.coach-mark&quot; is Not Loaded &#10;&#10; &lt;a href=dmp_logs_2022_07_14_13_50_07.zip&gt;DEBUG_LOGS&lt;/a&gt; &#10;&#10; &lt;a href=end_test-screenshot-20220714-135007.png&gt;SCREENSHOT&lt;/a&gt; &#10;&#10; &lt;a href=/private/var/jenkins/workspace/sion_features_navigation_screens/report14072022_13_50_31_page_source.html&gt;PAGE_SOURCE&lt;/a&gt;" type="AssertionError"/>
</testcase>
<testcase classname="Kragle Regression" name="Test: Device Settings For Mouse - UI Verification: G203 (Mac 11.5, Wired)" time="252.928">
</testcase>
<testcase classname="Kragle Regression" name="Test: Device Settings For Mouse - SYS Verification: G203 (Mac 11.5, Wired)" time="237.751">
</testcase>
<testcase classname="Kragle Regression" name="Test: DPI With Onboard Profile For Mouse: G203 (Mac 11.5, Wired)" time="252.936">
</testcase>
<testcase classname="Kragle Regression" name="Test: DPI Sensitivity For Mouse: G203 (Mac 11.5, Wired)" time="366.029">
</testcase>
<testcase classname="Kragle Regression" name="Test: DPI Sensitivity With Sleep System For Mouse: G203 (Mac 11.5, Wired)" time="161.492">
</testcase>
<testcase classname="Kragle Regression" name="Test: DPI Sensitivity With Restart G HUB For Mouse: G203 (Mac 11.5, Wired)" time="137.957">
</testcase>
<testcase classname="Kragle Regression" name="Disconnect: G203:wired &amp; Connect: G903 LIGHTSPEED:wired" time="2.119">
</testcase>
<testcase classname="Kragle Regression" name="Test: Local And Cloud Profile For Mouse: G903 LIGHTSPEED (Mac 11.5, Wired)" time="368.843">
<failure message="*HTML*AttributeError: 'NoneType' object has no attribute 'text' &#10;&#10; &lt;a href=dmp_logs_2022_07_14_14_20_29.zip&gt;DEBUG_LOGS&lt;/a&gt; &#10;&#10; &lt;a href=end_test-screenshot-20220714-142028.png&gt;SCREENSHOT&lt;/a&gt; &#10;&#10; &lt;a href=/private/var/jenkins/workspace/sion_features_navigation_screens/report14072022_14_20_53_page_source.html&gt;PAGE_SOURCE&lt;/a&gt;" type="AssertionError"/>
</testcase>
<testcase classname="Kragle Regression" name="Test: OOB Software Support For Mouse: G903 LIGHTSPEED (Mac 11.5, Wired)" time="200.197">
</testcase>
<testcase classname="Kragle Regression" name="Test: Lightsync Effect For Mouse: G903 LIGHTSPEED (Mac 11.5, Wired)" time="26.416">
</testcase>
<testcase classname="Kragle Regression" name="Test: Lightsync Effect With Restart G HUB For Mouse: G903 LIGHTSPEED (Mac 11.5, Wired)" time="190.055">
<failure message="*HTML*Failure: Selector &quot;.panel-wrapper.lighting .color-picker .color-value-container.value-r input&quot; with attribute(s) &quot;{'value': '59'}&quot; is Not Loaded &#10;&#10; &lt;a href=dmp_logs_2022_07_14_14_28_05.zip&gt;DEBUG_LOGS&lt;/a&gt; &#10;&#10; &lt;a href=end_test-screenshot-20220714-142805.png&gt;SCREENSHOT&lt;/a&gt; &#10;&#10; &lt;a href=/private/var/jenkins/workspace/sion_features_navigation_screens/report14072022_14_28_32_page_source.html&gt;PAGE_SOURCE&lt;/a&gt;" type="AssertionError"/>
</testcase>
<testcase classname="Kragle Regression" name="Test: Lightsync Effect With Sleep System For Mouse: G903 LIGHTSPEED (Mac 11.5, Wired)" time="741.245">
<failure message="*HTML*'red' not available in the [] &#10;&#10; &lt;a href=dmp_logs_2022_07_14_14_41_11.zip&gt;DEBUG_LOGS&lt;/a&gt; &#10;&#10; &lt;a href=end_test-screenshot-20220714-144111.png&gt;SCREENSHOT&lt;/a&gt; &#10;&#10; &lt;a href=/private/var/jenkins/workspace/sion_features_navigation_screens/report14072022_14_41_36_page_source.html&gt;PAGE_SOURCE&lt;/a&gt;" type="AssertionError"/>
</testcase>
<testcase classname="Kragle Regression" name="Test: Lightsync Effect With Onboard Profile For Mouse: G903 LIGHTSPEED (Mac 11.5, Wired)" time="327.643">
</testcase>
<testcase classname="Kragle Regression" name="Test: Global Settings - My Gear For Mouse: G903 LIGHTSPEED (Mac 11.5, Wired)" time="16.136">
</testcase>
<testcase classname="Kragle Regression" name="Test: Global Settings - Verify Show Tutorial Enables Coach Marks For Mouse: G903 LIGHTSPEED (Mac 11.5, Wired)" time="28.232">
</testcase>
<testcase classname="Kragle Regression" name="Test: Device Settings For Mouse - UI Verification: G903 LIGHTSPEED (Mac 11.5, Wired)" time="287.422">
<failure message="*HTML*Failure: Selector &quot;.icon-wrapper.assign&quot; is Not Clickable&#10;&#10;Also keyword teardown failed:&#10;Failure: Selector &quot;#setting-sprocket&quot; is Not Clickable &#10;&#10; &lt;a href=dmp_logs_2022_07_14_14_52_53.zip&gt;DEBUG_LOGS&lt;/a&gt; &#10;&#10; &lt;a href=end_test-screenshot-20220714-145252.png&gt;SCREENSHOT&lt;/a&gt; &#10;&#10; &lt;a href=/private/var/jenkins/workspace/sion_features_navigation_screens/report14072022_14_53_18_page_source.html&gt;PAGE_SOURCE&lt;/a&gt;" type="AssertionError"/>
</testcase>
<testcase classname="Kragle Regression" name="Test: Device Settings For Mouse - SYS Verification: G903 LIGHTSPEED (Mac 11.5, Wired)" time="300.759">
</testcase>
<testcase classname="Kragle Regression" name="Test: DPI With Onboard Profile For Mouse: G903 LIGHTSPEED (Mac 11.5, Wired)" time="463.174">
</testcase>
<testcase classname="Kragle Regression" name="Test: DPI Sensitivity For Mouse: G903 LIGHTSPEED (Mac 11.5, Wired)" time="477.926">
</testcase>
<testcase classname="Kragle Regression" name="Test: DPI Sensitivity With Sleep System For Mouse: G903 LIGHTSPEED (Mac 11.5, Wired)" time="178.040">
</testcase>
<testcase classname="Kragle Regression" name="Test: DPI Sensitivity With Restart G HUB For Mouse: G903 LIGHTSPEED (Mac 11.5, Wired)" time="141.460">
</testcase>
<testcase classname="Kragle Regression" name="Test: Lightsync Effects For Mouse With Robotic - Color Sensor: G903 LIGHTSPEED (Mac 11.5, Wired)" time="29.016">
<failure message="*HTML*No keyword with name 'lightsync.Test Lightsync Color Sensor - Primary Effect For Mouse' found. &#10;&#10; &lt;a href=dmp_logs_2022_07_14_15_20_06.zip&gt;DEBUG_LOGS&lt;/a&gt; &#10;&#10; &lt;a href=end_test-screenshot-20220714-152005.png&gt;SCREENSHOT&lt;/a&gt; &#10;&#10; &lt;a href=/private/var/jenkins/workspace/sion_features_navigation_screens/report14072022_15_20_31_page_source.html&gt;PAGE_SOURCE&lt;/a&gt;" type="AssertionError"/>
</testcase>
<testcase classname="Kragle Regression" name="Disconnect: G903 LIGHTSPEED:wired &amp; Connect: G610:wired" time="2.176">
</testcase>
<testcase classname="Kragle Regression" name="Test: Local And Cloud Profile For Keyboard: G610 (Mac 11.5, Wired)" time="369.721">
<failure message="*HTML*AttributeError: 'NoneType' object has no attribute 'text' &#10;&#10; &lt;a href=dmp_logs_2022_07_14_15_27_02.zip&gt;DEBUG_LOGS&lt;/a&gt; &#10;&#10; &lt;a href=end_test-screenshot-20220714-152701.png&gt;SCREENSHOT&lt;/a&gt; &#10;&#10; &lt;a href=/private/var/jenkins/workspace/sion_features_navigation_screens/report14072022_15_27_25_page_source.html&gt;PAGE_SOURCE&lt;/a&gt;" type="AssertionError"/>
</testcase>
<testcase classname="Kragle Regression" name="Test: Global Settings - My Gear For Keyboard: G610 (Mac 11.5, Wired)" time="15.644">
</testcase>
<testcase classname="Kragle Regression" name="Test: Global Settings - Verify Show Tutorial Enables Coach Marks For Keyboard: G610 (Mac 11.5, Wired)" time="57.289">
</testcase>
<testcase classname="Kragle Regression" name="Test: Device Settings For Keyboard - UI Verification: G610 (Mac 11.5, Wired)" time="89.703">
<failure message="*HTML*Failure: Selector &quot;//p[contains(text(),' 109.0.6')]&quot; is Not Loaded &#10;&#10; &lt;a href=dmp_logs_2022_07_14_15_30_24.zip&gt;DEBUG_LOGS&lt;/a&gt; &#10;&#10; &lt;a href=end_test-screenshot-20220714-153024.png&gt;SCREENSHOT&lt;/a&gt; &#10;&#10; &lt;a href=/private/var/jenkins/workspace/sion_features_navigation_screens/report14072022_15_30_50_page_source.html&gt;PAGE_SOURCE&lt;/a&gt;" type="AssertionError"/>
</testcase>
<testcase classname="Kragle Regression" name="Test: Device Settings For Keyboard - SYS Verification: G610 (Mac 11.5, Wired)" time="90.790">
<failure message="*HTML*Firmware value from backend (104.13.14) and from json (109.0.6) did not match: 104.13.14 != 109.0.6 &#10;&#10; &lt;a href=dmp_logs_2022_07_14_15_32_39.zip&gt;DEBUG_LOGS&lt;/a&gt; &#10;&#10; &lt;a href=end_test-screenshot-20220714-153239.png&gt;SCREENSHOT&lt;/a&gt; &#10;&#10; &lt;a href=/private/var/jenkins/workspace/sion_features_navigation_screens/report14072022_15_33_04_page_source.html&gt;PAGE_SOURCE&lt;/a&gt;" type="AssertionError"/>
</testcase>
<testcase classname="Kragle Regression" name="Test: Game Mode Restore Default Settings For Keyboard: G610 (Mac 11.5, Wired)" time="63.186">
<failure message="*HTML*Verify all keys are enabled in game mode&#10;Lengths are different: 2 != 0 &#10;&#10; &lt;a href=dmp_logs_2022_07_14_15_34_27.zip&gt;DEBUG_LOGS&lt;/a&gt; &#10;&#10; &lt;a href=end_test-screenshot-20220714-153426.png&gt;SCREENSHOT&lt;/a&gt; &#10;&#10; &lt;a href=/private/var/jenkins/workspace/sion_features_navigation_screens/report14072022_15_34_50_page_source.html&gt;PAGE_SOURCE&lt;/a&gt;" type="AssertionError"/>
</testcase>
<testcase classname="Kragle Regression" name="Test: All Profiles Should Be Same Disabled Keys In Game Mode When Profile Is Locked For Keyboard: G610 (Mac 11.5, Wired)" time="556.282">
</testcase>
<testcase classname="Kragle Regression" name="Test: All Profiles Should Be Same Disabled Keys Which Are Disabled While Profile Is Locked In Game Mode: G610 (Mac 11.5, Wired)" time="410.267">
</testcase>
<testcase classname="Kragle Regression" name="Disconnect: G610:wired &amp; Connect: G512:wired" time="2.112">
</testcase>
<testcase classname="Kragle Regression" name="Test: Local And Cloud Profile For Keyboard: G512 (Mac 11.5, Wired)" time="388.394">
<failure message="*HTML*AttributeError: 'NoneType' object has no attribute 'text' &#10;&#10; &lt;a href=dmp_logs_2022_07_14_15_57_42.zip&gt;DEBUG_LOGS&lt;/a&gt; &#10;&#10; &lt;a href=end_test-screenshot-20220714-155741.png&gt;SCREENSHOT&lt;/a&gt; &#10;&#10; &lt;a href=/private/var/jenkins/workspace/sion_features_navigation_screens/report14072022_15_58_09_page_source.html&gt;PAGE_SOURCE&lt;/a&gt;" type="AssertionError"/>
</testcase>
<testcase classname="Kragle Regression" name="Test: Global Settings - My Gear For Keyboard: G512 (Mac 11.5, Wired)" time="16.064">
</testcase>
<testcase classname="Kragle Regression" name="Test: Global Settings - Verify Show Tutorial Enables Coach Marks For Keyboard: G512 (Mac 11.5, Wired)" time="57.174">
</testcase>
<testcase classname="Kragle Regression" name="Test: Device Settings For Keyboard - UI Verification: G512 (Mac 11.5, Wired)" time="61.347">
</testcase>
<testcase classname="Kragle Regression" name="Test: Device Settings For Keyboard - SYS Verification: G512 (Mac 11.5, Wired)" time="75.683">
</testcase>
<testcase classname="Kragle Regression" name="Test: Verify Presets Default Colors For Keyboard: G512 (Mac 11.5, Wired)" time="171.913">
</testcase>
<testcase classname="Kragle Regression" name="Test: User Can Change Presets Fixed HEX Color For Keyboard: G512 (Mac 11.5, Wired)" time="71.841">
</testcase>
<testcase classname="Kragle Regression" name="Test: User Can Change Presets Fixed RGB Color For Keyboard: G512 (Mac 11.5, Wired)" time="98.700">
</testcase>
<testcase classname="Kragle Regression" name="Test: User Can Add And Remove Preset Colors For Keyboard: G512 (Mac 11.5, Wired)" time="556.299">
<failure message="*HTML*Keyword 'light_sync.Remove Custome Preset Color' failed after retrying for 2 minutes. The last error was: AttributeError: module 'pyautogui' has no attribute 'LEFT' &#10;&#10; &lt;a href=dmp_logs_2022_07_14_16_16_58.zip&gt;DEBUG_LOGS&lt;/a&gt; &#10;&#10; &lt;a href=end_test-screenshot-20220714-161454.png&gt;SCREENSHOT&lt;/a&gt; &#10;&#10; &lt;a href=/private/var/jenkins/workspace/sion_features_navigation_screens/report14072022_16_17_20_page_source.html&gt;PAGE_SOURCE&lt;/a&gt;" type="AssertionError"/>
</testcase>
<testcase classname="Kragle Regression" name="Test: User Can Change Freestyle HEX Color For Keyboard Arrow Keys: G512 (Mac 11.5, Wired)" time="42.100">
</testcase>
<testcase classname="Kragle Regression" name="Test: User Can Change Freestyle RGB Color For Keyboard Arrow Keys: G512 (Mac 11.5, Wired)" time="70.371">
</testcase>
<testcase classname="Kragle Regression" name="Test: User Can Add And Remove Freestyle Preset Colors For Keyboard: G512 (Mac 11.5, Wired)" time="345.738">
<failure message="*HTML*Keyword 'light_sync.Remove Custome Preset Color' failed after retrying for 2 minutes. The last error was: AttributeError: module 'pyautogui' has no attribute 'LEFT' &#10;&#10; &lt;a href=dmp_logs_2022_07_14_16_25_20.zip&gt;DEBUG_LOGS&lt;/a&gt; &#10;&#10; &lt;a href=end_test-screenshot-20220714-162519.png&gt;SCREENSHOT&lt;/a&gt; &#10;&#10; &lt;a href=/private/var/jenkins/workspace/sion_features_navigation_screens/report14072022_16_25_43_page_source.html&gt;PAGE_SOURCE&lt;/a&gt;" type="AssertionError"/>
</testcase>
<testcase classname="Kragle Regression" name="Test: Game Mode For Keyboard: G512 (Mac 11.5, Wired)" time="110.476">
<failure message="*HTML*fill: rgb(0, 169, 224); != fill: rgba(0, 0, 0, 0); &#10;&#10; &lt;a href=dmp_logs_2022_07_14_16_27_52.zip&gt;DEBUG_LOGS&lt;/a&gt; &#10;&#10; &lt;a href=end_test-screenshot-20220714-162751.png&gt;SCREENSHOT&lt;/a&gt; &#10;&#10; &lt;a href=/private/var/jenkins/workspace/sion_features_navigation_screens/report14072022_16_28_18_page_source.html&gt;PAGE_SOURCE&lt;/a&gt;" type="AssertionError"/>
</testcase>
<testcase classname="Kragle Regression" name="Test: Game Mode Restore Default Settings For Keyboard: G512 (Mac 11.5, Wired)" time="63.237">
<failure message="*HTML*Verify F1 and F2 keys are disabled in game mode&#10;Lengths are different: 2 != 0 &#10;&#10; &lt;a href=dmp_logs_2022_07_14_16_29_42.zip&gt;DEBUG_LOGS&lt;/a&gt; &#10;&#10; &lt;a href=end_test-screenshot-20220714-162941.png&gt;SCREENSHOT&lt;/a&gt; &#10;&#10; &lt;a href=/private/var/jenkins/workspace/sion_features_navigation_screens/report14072022_16_30_06_page_source.html&gt;PAGE_SOURCE&lt;/a&gt;" type="AssertionError"/>
</testcase>
<testcase classname="Kragle Regression" name="Test: All Profiles Should Be Same Disabled Keys In Game Mode When Profile Is Locked For Keyboard: G512 (Mac 11.5, Wired)" time="337.644">
<failure message="*HTML*fill: rgba(0, 0, 0, 0); != fill: rgb(0, 169, 224); &#10;&#10; &lt;a href=dmp_logs_2022_07_14_16_36_03.zip&gt;DEBUG_LOGS&lt;/a&gt; &#10;&#10; &lt;a href=end_test-screenshot-20220714-163602.png&gt;SCREENSHOT&lt;/a&gt; &#10;&#10; &lt;a href=/private/var/jenkins/workspace/sion_features_navigation_screens/report14072022_16_36_29_page_source.html&gt;PAGE_SOURCE&lt;/a&gt;" type="AssertionError"/>
</testcase>
<testcase classname="Kragle Regression" name="Test: All Profiles Should Be Same Disabled Keys Which Are Disabled While Profile Is Locked In Game Mode: G512 (Mac 11.5, Wired)" time="413.703">
</testcase>
<testcase classname="Kragle Regression" name="Test: Lightsync Effect For Keyboard: G512 (Mac 11.5, Wired)" time="45.238">
</testcase>
<testcase classname="Kragle Regression" name="Test: Onboard Lighting Effect For Keyboard: G512 (Mac 11.5, Wired)" time="138.232">
<failure message="*HTML*Failure: Selector &quot;//div[@class='color-picker-title' and text()='10 KEYS']&quot; is Not Loaded&#10;&#10;Also keyword teardown failed:&#10;Failure: Selector &quot;//div[@class='color-picker-title' and text()='10 KEYS']&quot; is Not Loaded &#10;&#10; &lt;a href=dmp_logs_2022_07_14_16_46_41.zip&gt;DEBUG_LOGS&lt;/a&gt; &#10;&#10; &lt;a href=end_test-screenshot-20220714-164640.png&gt;SCREENSHOT&lt;/a&gt; &#10;&#10; &lt;a href=/private/var/jenkins/workspace/sion_features_navigation_screens/report14072022_16_47_08_page_source.html&gt;PAGE_SOURCE&lt;/a&gt;" type="AssertionError"/>
</testcase>
<testcase classname="Kragle Regression" name="Disconnect: G512:wired &amp; Connect: G403:wired" time="2.214">
</testcase>
<testcase classname="Kragle Regression" name="Test: Local And Cloud Profile For Mouse: G403 (Mac 11.5, Wired)" time="385.598">
<failure message="*HTML*AttributeError: 'NoneType' object has no attribute 'text' &#10;&#10; &lt;a href=dmp_logs_2022_07_14_16_53_55.zip&gt;DEBUG_LOGS&lt;/a&gt; &#10;&#10; &lt;a href=end_test-screenshot-20220714-165354.png&gt;SCREENSHOT&lt;/a&gt; &#10;&#10; &lt;a href=/private/var/jenkins/workspace/sion_features_navigation_screens/report14072022_16_54_19_page_source.html&gt;PAGE_SOURCE&lt;/a&gt;" type="AssertionError"/>
</testcase>
<testcase classname="Kragle Regression" name="Test: OOB Software Support For Mouse: G403 (Mac 11.5, Wired)" time="205.496">
</testcase>
<testcase classname="Kragle Regression" name="Test: Global Settings - My Gear For Mouse: G403 (Mac 11.5, Wired)" time="15.430">
</testcase>
<testcase classname="Kragle Regression" name="Test: Global Settings - Verify Show Tutorial Enables Coach Marks For Mouse: G403 (Mac 11.5, Wired)" time="28.184">
</testcase>
<testcase classname="Kragle Regression" name="Test: Device Settings For Mouse - UI Verification: G403 (Mac 11.5, Wired)" time="269.751">
</testcase>
<testcase classname="Kragle Regression" name="Test: Device Settings For Mouse - SYS Verification: G403 (Mac 11.5, Wired)" time="245.413">
</testcase>
<testcase classname="Kragle Regression" name="Test: DPI With Onboard Profile For Mouse: G403 (Mac 11.5, Wired)" time="256.375">
</testcase>
<testcase classname="Kragle Regression" name="Test: DPI Sensitivity For Mouse: G403 (Mac 11.5, Wired)" time="294.323">
</testcase>
<testcase classname="Kragle Regression" name="Test: DPI Sensitivity With Sleep System For Mouse: G403 (Mac 11.5, Wired)" time="181.043">
</testcase>
<testcase classname="Kragle Regression" name="Test: DPI Sensitivity With Restart G HUB For Mouse: G403 (Mac 11.5, Wired)" time="138.372">
</testcase>
<testcase classname="Kragle Regression" name="Test: Lightsync Effect For Mouse: G403 (Mac 11.5, Wired)" time="26.088">
</testcase>
<testcase classname="Kragle Regression" name="Test: Lightsync Effect With Restart G HUB For Mouse: G403 (Mac 11.5, Wired)" time="187.635">
<failure message="*HTML*Failure: Selector &quot;.panel-wrapper.lighting .color-picker .color-value-container.value-r input&quot; with attribute(s) &quot;{'value': '59'}&quot; is Not Loaded &#10;&#10; &lt;a href=dmp_logs_2022_07_14_17_25_24.zip&gt;DEBUG_LOGS&lt;/a&gt; &#10;&#10; &lt;a href=end_test-screenshot-20220714-172523.png&gt;SCREENSHOT&lt;/a&gt; &#10;&#10; &lt;a href=/private/var/jenkins/workspace/sion_features_navigation_screens/report14072022_17_25_49_page_source.html&gt;PAGE_SOURCE&lt;/a&gt;" type="AssertionError"/>
</testcase>
<testcase classname="Kragle Regression" name="Test: Lightsync Effect With Sleep System For Mouse: G403 (Mac 11.5, Wired)" time="702.985">
</testcase>
<testcase classname="Kragle Regression" name="Test: Lightsync Effect With Onboard Profile For Mouse: G403 (Mac 11.5, Wired)" time="257.936">
</testcase>
<testcase classname="Kragle Regression" name="Disconnect: G403:wired &amp; Connect: G703 LIGHTSPEED:wired" time="2.137">
</testcase>
<testcase classname="Kragle Regression" name="Test: Local And Cloud Profile For Mouse: G703 LIGHTSPEED (Mac 11.5, Wired)" time="376.035">
<failure message="*HTML*AttributeError: 'NoneType' object has no attribute 'text' &#10;&#10; &lt;a href=dmp_logs_2022_07_14_17_48_22.zip&gt;DEBUG_LOGS&lt;/a&gt; &#10;&#10; &lt;a href=end_test-screenshot-20220714-174821.png&gt;SCREENSHOT&lt;/a&gt; &#10;&#10; &lt;a href=/private/var/jenkins/workspace/sion_features_navigation_screens/report14072022_17_48_51_page_source.html&gt;PAGE_SOURCE&lt;/a&gt;" type="AssertionError"/>
</testcase>
<testcase classname="Kragle Regression" name="Test: OOB Software Support For Mouse: G703 LIGHTSPEED (Mac 11.5, Wired)" time="205.833">
</testcase>
<testcase classname="Kragle Regression" name="Test: Lightsync Effect For Mouse: G703 LIGHTSPEED (Mac 11.5, Wired)" time="26.390">
</testcase>
<testcase classname="Kragle Regression" name="Test: Lightsync Effect With Restart G HUB For Mouse: G703 LIGHTSPEED (Mac 11.5, Wired)" time="185.811">
<failure message="*HTML*Failure: Selector &quot;.panel-wrapper.lighting .color-picker .color-value-container.value-r input&quot; with attribute(s) &quot;{'value': '59'}&quot; is Not Loaded &#10;&#10; &lt;a href=dmp_logs_2022_07_14_17_56_08.zip&gt;DEBUG_LOGS&lt;/a&gt; &#10;&#10; &lt;a href=end_test-screenshot-20220714-175607.png&gt;SCREENSHOT&lt;/a&gt; &#10;&#10; &lt;a href=/private/var/jenkins/workspace/sion_features_navigation_screens/report14072022_17_56_31_page_source.html&gt;PAGE_SOURCE&lt;/a&gt;" type="AssertionError"/>
</testcase>
<testcase classname="Kragle Regression" name="Test: Lightsync Effect With Sleep System For Mouse: G703 LIGHTSPEED (Mac 11.5, Wired)" time="699.828">
</testcase>
<testcase classname="Kragle Regression" name="Test: Lightsync Effect With Onboard Profile For Mouse: G703 LIGHTSPEED (Mac 11.5, Wired)" time="248.105">
</testcase>
<testcase classname="Kragle Regression" name="Test: Global Settings - My Gear For Mouse: G703 LIGHTSPEED (Mac 11.5, Wired)" time="16.209">
</testcase>
<testcase classname="Kragle Regression" name="Test: Global Settings - Verify Show Tutorial Enables Coach Marks For Mouse: G703 LIGHTSPEED (Mac 11.5, Wired)" time="28.239">
</testcase>
<testcase classname="Kragle Regression" name="Test: Device Settings For Mouse - UI Verification: G703 LIGHTSPEED (Mac 11.5, Wired)" time="244.049">
</testcase>
<testcase classname="Kragle Regression" name="Test: Device Settings For Mouse - SYS Verification: G703 LIGHTSPEED (Mac 11.5, Wired)" time="250.130">
</testcase>
<testcase classname="Kragle Regression" name="Test: DPI With Onboard Profile For Mouse: G703 LIGHTSPEED (Mac 11.5, Wired)" time="235.268">
</testcase>
<testcase classname="Kragle Regression" name="Test: DPI Sensitivity For Mouse: G703 LIGHTSPEED (Mac 11.5, Wired)" time="455.658">
</testcase>
<testcase classname="Kragle Regression" name="Test: DPI Sensitivity With Sleep System For Mouse: G703 LIGHTSPEED (Mac 11.5, Wired)" time="161.747">
</testcase>
<testcase classname="Kragle Regression" name="Test: DPI Sensitivity With Restart G HUB For Mouse: G703 LIGHTSPEED (Mac 11.5, Wired)" time="138.941">
</testcase>
<testcase classname="Kragle Regression" name="Disconnect: G703 LIGHTSPEED:wired &amp; Connect: G915:wired" time="2.146">
</testcase>
<testcase classname="Kragle Regression" name="Test: Local And Cloud Profile For Keyboard: G915 (Mac 11.5, Wired)" time="373.806">
<failure message="*HTML*AttributeError: 'NoneType' object has no attribute 'text' &#10;&#10; &lt;a href=dmp_logs_2022_07_14_18_44_21.zip&gt;DEBUG_LOGS&lt;/a&gt; &#10;&#10; &lt;a href=end_test-screenshot-20220714-184420.png&gt;SCREENSHOT&lt;/a&gt; &#10;&#10; &lt;a href=/private/var/jenkins/workspace/sion_features_navigation_screens/report14072022_18_44_48_page_source.html&gt;PAGE_SOURCE&lt;/a&gt;" type="AssertionError"/>
</testcase>
<testcase classname="Kragle Regression" name="Test: Lightsync Effect For Keyboard: G915 (Mac 11.5, Wired)" time="21.760">
</testcase>
<testcase classname="Kragle Regression" name="Test: Global Settings - My Gear For Keyboard: G915 (Mac 11.5, Wired)" time="36.398">
</testcase>
<testcase classname="Kragle Regression" name="Test: Global Settings - Verify Show Tutorial Enables Coach Marks For Keyboard: G915 (Mac 11.5, Wired)" time="57.461">
</testcase>
<testcase classname="Kragle Regression" name="Test: Device Settings For Keyboard - UI Verification: G915 (Mac 11.5, Wired)" time="352.723">
<failure message="*HTML*Several failures occurred:&#10;&#10;1) Failure: Selector &quot;div.overlay div.overlay-container p.category-label.right-just&quot; with attribute(s) &quot;{'text': 'FIRMWARE VERSION'}&quot; is Not Loaded&#10;&#10;2) Failure: Selector &quot;div.overlay div.overlay-container p.category-label.right-just&quot; with attribute(s) &quot;{'text': 'FIRMWARE VERSION'}&quot; is Not Loaded&#10;&#10;3) Failure: Selector &quot;.category-label&quot; with attribute(s) &quot;{'innerText': 'BATTERY LEVEL'}&quot; is Not Loaded&#10;&#10;4) Failure: Selector &quot;div.overlay div.overlay-container p.category-label.right-just&quot; with attribute(s) &quot;{'text': 'FIRMWARE VERSION'}&quot; is Not Loaded&#10;&#10;5) No keyword with name 'device_settings.Test Device Settings - firware version UI Validation' found. Did you mean:&#10;    device_settings.Device Settings.Test Device Settings - Firmware Version UI Validation &#10;&#10; &lt;a href=dmp_logs_2022_07_14_18_52_55.zip&gt;DEBUG_LOGS&lt;/a&gt; &#10;&#10; &lt;a href=end_test-screenshot-20220714-185254.png&gt;SCREENSHOT&lt;/a&gt; &#10;&#10; &lt;a href=/private/var/jenkins/workspace/sion_features_navigation_screens/report14072022_18_53_19_page_source.html&gt;PAGE_SOURCE&lt;/a&gt;" type="AssertionError"/>
</testcase>
<testcase classname="Kragle Regression" name="Test: Device Settings For Keyboard - SYS Verification: G915 (Mac 11.5, Wired)" time="464.669">
</testcase>
<testcase classname="Kragle Regression" name="Test: Verify Presets Default Colors For Keyboard: G915 (Mac 11.5, Wired)" time="379.102">
<failure message="*HTML*&lt;b&gt;Known Issue:&lt;/b&gt;[&lt;a href=https://jira.logitech.io/browse/KRGL-9265&gt;KRGL-9265&lt;/a&gt;]&#10;Keyword 'Backend.Verify Fixed Colors Keyboard' failed after retrying for 3 minutes. The last error was: The expected color value of green (255) and actual value from backend (0) is different: 255 != 0 &#10;&#10; &lt;a href=dmp_logs_2022_07_14_19_07_42.zip&gt;DEBUG_LOGS&lt;/a&gt; &#10;&#10; &lt;a href=end_test-screenshot-20220714-190741.png&gt;SCREENSHOT&lt;/a&gt; &#10;&#10; &lt;a href=/private/var/jenkins/workspace/sion_features_navigation_screens/report14072022_19_08_05_page_source.html&gt;PAGE_SOURCE&lt;/a&gt;" type="AssertionError"/>
</testcase>
<testcase classname="Kragle Regression" name="Test: User Can Change Presets Fixed HEX Color For Keyboard: G915 (Mac 11.5, Wired)" time="255.292">
<failure message="*HTML*&lt;b&gt;Known Issue:&lt;/b&gt;[&lt;a href=https://jira.logitech.io/browse/KRGL-9265&gt;KRGL-9265&lt;/a&gt;]&#10;Keyword 'Backend.Verify Fixed Colors Keyboard' failed after retrying for 3 minutes. The last error was: The expected color value of red (148) and actual value from backend (0) is different: 148 != 0 &#10;&#10; &lt;a href=dmp_logs_2022_07_14_19_12_42.zip&gt;DEBUG_LOGS&lt;/a&gt; &#10;&#10; &lt;a href=end_test-screenshot-20220714-191241.png&gt;SCREENSHOT&lt;/a&gt; &#10;&#10; &lt;a href=/private/var/jenkins/workspace/sion_features_navigation_screens/report14072022_19_13_05_page_source.html&gt;PAGE_SOURCE&lt;/a&gt;" type="AssertionError"/>
</testcase>
<testcase classname="Kragle Regression" name="Test: User Can Change Presets Fixed RGB Color For Keyboard: G915 (Mac 11.5, Wired)" time="264.035">
<failure message="*HTML*&lt;b&gt;Known Issue:&lt;/b&gt;[&lt;a href=https://jira.logitech.io/browse/KRGL-9265&gt;KRGL-9265&lt;/a&gt;]&#10;Keyword 'Backend.Verify Fixed Colors Keyboard' failed after retrying for 3 minutes. The last error was: The expected color value of green (255) and actual value from backend (0) is different: 255 != 0 &#10;&#10; &lt;a href=dmp_logs_2022_07_14_19_17_50.zip&gt;DEBUG_LOGS&lt;/a&gt; &#10;&#10; &lt;a href=end_test-screenshot-20220714-191749.png&gt;SCREENSHOT&lt;/a&gt; &#10;&#10; &lt;a href=/private/var/jenkins/workspace/sion_features_navigation_screens/report14072022_19_18_14_page_source.html&gt;PAGE_SOURCE&lt;/a&gt;" type="AssertionError"/>
</testcase>
<testcase classname="Kragle Regression" name="Test: User Can Add And Remove Preset Colors For Keyboard: G915 (Mac 11.5, Wired)" time="335.466">
<failure message="*HTML*Keyword 'light_sync.Remove Custome Preset Color' failed after retrying for 2 minutes. The last error was: AttributeError: module 'pyautogui' has no attribute 'LEFT' &#10;&#10; &lt;a href=dmp_logs_2022_07_14_19_24_11.zip&gt;DEBUG_LOGS&lt;/a&gt; &#10;&#10; &lt;a href=end_test-screenshot-20220714-192409.png&gt;SCREENSHOT&lt;/a&gt; &#10;&#10; &lt;a href=/private/var/jenkins/workspace/sion_features_navigation_screens/report14072022_19_24_34_page_source.html&gt;PAGE_SOURCE&lt;/a&gt;" type="AssertionError"/>
</testcase>
<testcase classname="Kragle Regression" name="Test: User Can Change Freestyle HEX Color For Keyboard Arrow Keys: G915 (Mac 11.5, Wired)" time="42.821">
</testcase>
<testcase classname="Kragle Regression" name="Test: User Can Change Freestyle RGB Color For Keyboard Arrow Keys: G915 (Mac 11.5, Wired)" time="70.922">
</testcase>
<testcase classname="Kragle Regression" name="Test: User Can Add And Remove Freestyle Preset Colors For Keyboard: G915 (Mac 11.5, Wired)" time="346.309">
<failure message="*HTML*Keyword 'light_sync.Remove Custome Preset Color' failed after retrying for 2 minutes. The last error was: AttributeError: module 'pyautogui' has no attribute 'LEFT' &#10;&#10; &lt;a href=dmp_logs_2022_07_14_19_32_34.zip&gt;DEBUG_LOGS&lt;/a&gt; &#10;&#10; &lt;a href=end_test-screenshot-20220714-193233.png&gt;SCREENSHOT&lt;/a&gt; &#10;&#10; &lt;a href=/private/var/jenkins/workspace/sion_features_navigation_screens/report14072022_19_32_58_page_source.html&gt;PAGE_SOURCE&lt;/a&gt;" type="AssertionError"/>
</testcase>
<testcase classname="Kragle Regression" name="Test: Game Mode For Keyboard: G915 (Mac 11.5, Wired)" time="108.168">
<failure message="*HTML*fill: rgb(0, 169, 224); != fill: rgba(0, 0, 0, 0); &#10;&#10; &lt;a href=dmp_logs_2022_07_14_19_35_08.zip&gt;DEBUG_LOGS&lt;/a&gt; &#10;&#10; &lt;a href=end_test-screenshot-20220714-193507.png&gt;SCREENSHOT&lt;/a&gt; &#10;&#10; &lt;a href=/private/var/jenkins/workspace/sion_features_navigation_screens/report14072022_19_35_31_page_source.html&gt;PAGE_SOURCE&lt;/a&gt;" type="AssertionError"/>
</testcase>
<testcase classname="Kragle Regression" name="Test: Game Mode Restore Default Settings For Keyboard: G915 (Mac 11.5, Wired)" time="62.576">
<failure message="*HTML*Verify F1 and F2 keys are disabled in game mode&#10;Lengths are different: 2 != 0 &#10;&#10; &lt;a href=dmp_logs_2022_07_14_19_36_55.zip&gt;DEBUG_LOGS&lt;/a&gt; &#10;&#10; &lt;a href=end_test-screenshot-20220714-193654.png&gt;SCREENSHOT&lt;/a&gt; &#10;&#10; &lt;a href=/private/var/jenkins/workspace/sion_features_navigation_screens/report14072022_19_37_18_page_source.html&gt;PAGE_SOURCE&lt;/a&gt;" type="AssertionError"/>
</testcase>
<testcase classname="Kragle Regression" name="Test: All Profiles Should Be Same Disabled Keys In Game Mode When Profile Is Locked For Keyboard: G915 (Mac 11.5, Wired)" time="429.043">
</testcase>
<testcase classname="Kragle Regression" name="Test: All Profiles Should Be Same Disabled Keys Which Are Disabled While Profile Is Locked In Game Mode: G915 (Mac 11.5, Wired)" time="420.080">
</testcase>
<testcase classname="Kragle Regression" name="Test: Validate EFFECTS FIXED Lightsync Presets: G203 (Mac 11.5, Wired)" time="357.527">
</testcase>
<testcase classname="Kragle Regression" name="Test: Validate EFFECTS CYCLE Lightsync Presets: G203 (Mac 11.5, Wired)" time="119.003">
</testcase>
<testcase classname="Kragle Regression" name="Test: Validate EFFECTS BREATHING Lightsync Presets: G203 (Mac 11.5, Wired)" time="121.663">
</testcase>
<testcase classname="Kragle Regression" name="Test: Validate EFFECTS SCREEN SAMPLER Lightsync Presets: G203 (Mac 11.5, Wired)" time="110.212">
<failure message="*HTML*ScreenSampler Effect Failed [Expected:'yellow', Actual:'red']: red != yellow &#10;&#10; &lt;a href=dmp_logs_2022_07_14_20_03_34.zip&gt;DEBUG_LOGS&lt;/a&gt; &#10;&#10; &lt;a href=end_test-screenshot-20220714-200333.png&gt;SCREENSHOT&lt;/a&gt; &#10;&#10; &lt;a href=/private/var/jenkins/workspace/sion_features_navigation_screens/report14072022_20_03_59_page_source.html&gt;PAGE_SOURCE&lt;/a&gt;" type="AssertionError"/>
</testcase>
<testcase classname="Kragle Regression" name="Test: Validate EFFECTS AUDIO VISUALIZER Lightsync Presets: G203 (Mac 11.5, Wired)" time="92.514">
<skipped message="Audio Visualizer effect is not supported in MAC system&#10;&#10;Also keyword teardown failed:&#10;Several failures occurred:&#10;&#10;1) Failure: Selector &quot;//h5[contains(text(),'EFFECT')]/ancestor::div[@class='panel-section']/child::div/descendant::span[@class='glyphicon glyphicon-chevron-down']&quot; is Not Loaded&#10;&#10;2) Failure: Selector &quot;.dropdown-item&quot; with attribute(s) &quot;{'innerText': 'FIXED'}&quot; is Not Loaded" type="SkipExecution"/>
</testcase>
<testcase classname="Kragle Regression" name="Test: Validate PRIMARY FIXED Lightsync Presets: G903 LIGHTSPEED (Mac 11.5, Wired)" time="356.459">
</testcase>
<testcase classname="Kragle Regression" name="Test: Validate PRIMARY CYCLE Lightsync Presets: G903 LIGHTSPEED (Mac 11.5, Wired)" time="105.603">
</testcase>
<testcase classname="Kragle Regression" name="Test: Validate PRIMARY BREATHING Lightsync Presets: G903 LIGHTSPEED (Mac 11.5, Wired)" time="111.420">
</testcase>
<testcase classname="Kragle Regression" name="Test: Validate PRIMARY SCREEN SAMPLER Lightsync Presets: G903 LIGHTSPEED (Mac 11.5, Wired)" time="110.140">
<failure message="*HTML*ScreenSampler Effect Failed [Expected:'yellow', Actual:'blue']: blue != yellow &#10;&#10; &lt;a href=dmp_logs_2022_07_14_20_17_08.zip&gt;DEBUG_LOGS&lt;/a&gt; &#10;&#10; &lt;a href=end_test-screenshot-20220714-201707.png&gt;SCREENSHOT&lt;/a&gt; &#10;&#10; &lt;a href=/private/var/jenkins/workspace/sion_features_navigation_screens/report14072022_20_17_38_page_source.html&gt;PAGE_SOURCE&lt;/a&gt;" type="AssertionError"/>
</testcase>
<testcase classname="Kragle Regression" name="Test: Validate PRIMARY AUDIO VISUALIZER Lightsync Presets: G903 LIGHTSPEED (Mac 11.5, Wired)" time="92.226">
<skipped message="Audio Visualizer effect is not supported in MAC system&#10;&#10;Also keyword teardown failed:&#10;Several failures occurred:&#10;&#10;1) Failure: Selector &quot;//h5[contains(text(),'EFFECT')]/ancestor::div[@class='panel-section']/child::div/descendant::span[@class='glyphicon glyphicon-chevron-down']&quot; is Not Loaded&#10;&#10;2) Failure: Selector &quot;.dropdown-item&quot; with attribute(s) &quot;{'innerText': 'FIXED'}&quot; is Not Loaded" type="SkipExecution"/>
</testcase>
<testcase classname="Kragle Regression" name="Test: Validate LOGO FIXED Lightsync Presets: G903 LIGHTSPEED (Mac 11.5, Wired)" time="80.084">
</testcase>
<testcase classname="Kragle Regression" name="Test: Validate LOGO CYCLE Lightsync Presets: G903 LIGHTSPEED (Mac 11.5, Wired)" time="105.664">
</testcase>
<testcase classname="Kragle Regression" name="Test: Validate LOGO BREATHING Lightsync Presets: G903 LIGHTSPEED (Mac 11.5, Wired)" time="111.381">
</testcase>
<testcase classname="Kragle Regression" name="Test: Validate LOGO SCREEN SAMPLER Lightsync Presets: G903 LIGHTSPEED (Mac 11.5, Wired)" time="105.247">
<failure message="*HTML*ScreenSampler Effect Failed [Expected:'yellow', Actual:'blue']: blue != yellow &#10;&#10; &lt;a href=dmp_logs_2022_07_14_20_26_12.zip&gt;DEBUG_LOGS&lt;/a&gt; &#10;&#10; &lt;a href=end_test-screenshot-20220714-202612.png&gt;SCREENSHOT&lt;/a&gt; &#10;&#10; &lt;a href=/private/var/jenkins/workspace/sion_features_navigation_screens/report14072022_20_26_37_page_source.html&gt;PAGE_SOURCE&lt;/a&gt;" type="AssertionError"/>
</testcase>
<testcase classname="Kragle Regression" name="Test: Validate LOGO AUDIO VISUALIZER Lightsync Presets: G903 LIGHTSPEED (Mac 11.5, Wired)" time="90.680">
<skipped message="Audio Visualizer effect is not supported in MAC system&#10;&#10;Also keyword teardown failed:&#10;Several failures occurred:&#10;&#10;1) Failure: Selector &quot;//h5[contains(text(),'EFFECT')]/ancestor::div[@class='panel-section']/child::div/descendant::span[@class='glyphicon glyphicon-chevron-down']&quot; is Not Loaded&#10;&#10;2) Failure: Selector &quot;.dropdown-item&quot; with attribute(s) &quot;{'innerText': 'FIXED'}&quot; is Not Loaded" type="SkipExecution"/>
</testcase>
<testcase classname="Kragle Regression" name="Test: Validate PRESETS FIXED Lightsync Presets: G512 (Mac 11.5, Wired)" time="382.391">
</testcase>
<testcase classname="Kragle Regression" name="Test: Validate PRESETS CYCLE Lightsync Presets: G512 (Mac 11.5, Wired)" time="128.954">
</testcase>
<testcase classname="Kragle Regression" name="Test: Validate PRESETS COLOR WAVE Lightsync Presets: G512 (Mac 11.5, Wired)" time="160.754">
</testcase>
<testcase classname="Kragle Regression" name="Test: Validate PRESETS BREATHING Lightsync Presets: G512 (Mac 11.5, Wired)" time="138.998">
</testcase>
<testcase classname="Kragle Regression" name="Test: Validate PRESETS RIPPLE Lightsync Presets: G512 (Mac 11.5, Wired)" time="149.983">
</testcase>
<testcase classname="Kragle Regression" name="Test: Validate PRESETS STARLIGHT Lightsync Presets: G512 (Mac 11.5, Wired)" time="131.849">
</testcase>
<testcase classname="Kragle Regression" name="Test: Validate PRESETS ECHO PRESS Lightsync Presets: G512 (Mac 11.5, Wired)" time="121.909">
</testcase>
<testcase classname="Kragle Regression" name="Test: Validate PRESETS SCREEN SAMPLER Lightsync Presets: G512 (Mac 11.5, Wired)" time="120.562">
<failure message="*HTML*&lt;b&gt;Known Issue:&lt;/b&gt;[&lt;a href=https://jira.logitech.io/browse/KRGL-10863&gt;KRGL-10863&lt;/a&gt;]&#10;ScreenSampler Effect Failed [Expected:'yellow', Actual:'blue']: blue != yellow &#10;&#10; &lt;a href=dmp_logs_2022_07_14_20_50_38.zip&gt;DEBUG_LOGS&lt;/a&gt; &#10;&#10; &lt;a href=end_test-screenshot-20220714-205037.png&gt;SCREENSHOT&lt;/a&gt; &#10;&#10; &lt;a href=/private/var/jenkins/workspace/sion_features_navigation_screens/report14072022_20_51_08_page_source.html&gt;PAGE_SOURCE&lt;/a&gt;" type="AssertionError"/>
</testcase>
<testcase classname="Kragle Regression" name="Test: Validate PRESETS AUDIO VISUALIZER Lightsync Presets: G512 (Mac 11.5, Wired)" time="91.300">
<skipped message="Audio Visualizer effect is not supported in MAC system&#10;&#10;Also keyword teardown failed:&#10;Several failures occurred:&#10;&#10;1) Failure: Selector &quot;//h5[contains(text(),'EFFECT')]/ancestor::div[@class='panel-section']/child::div/descendant::span[@class='glyphicon glyphicon-chevron-down']&quot; is Not Loaded&#10;&#10;2) Failure: Selector &quot;.dropdown-item&quot; with attribute(s) &quot;{'innerText': 'FIXED'}&quot; is Not Loaded" type="SkipExecution"/>
</testcase>
<testcase classname="Kragle Regression" name="Test: Validate WASD quick color Freestyle effect: G512 (Mac 11.5, Wired)" time="101.755">
</testcase>
<testcase classname="Kragle Regression" name="Test: Validate NUMBERS quick color Freestyle effect: G512 (Mac 11.5, Wired)" time="97.188">
</testcase>
<testcase classname="Kragle Regression" name="Test: Validate F KEYS quick color Freestyle effect: G512 (Mac 11.5, Wired)" time="97.147">
</testcase>
<testcase classname="Kragle Regression" name="Test: Validate MODIFIER quick color Freestyle effect: G512 (Mac 11.5, Wired)" time="77.315">
</testcase>
<testcase classname="Kragle Regression" name="Test: Validate ARROW KEYS quick color Freestyle effect: G512 (Mac 11.5, Wired)" time="97.335">
</testcase>
<testcase classname="Kragle Regression" name="Test: Validate contrastic Animations effect: G512 (Mac 11.5, Wired)" time="85.796">
</testcase>
<testcase classname="Kragle Regression" name="Test: Validate lightning Animations effect: G512 (Mac 11.5, Wired)" time="61.618">
</testcase>
<testcase classname="Kragle Regression" name="Test: Validate ocean wave Animations effect: G512 (Mac 11.5, Wired)" time="61.951">
</testcase>
<testcase classname="Kragle Regression" name="Test: Validate red white and blue Animations effect: G512 (Mac 11.5, Wired)" time="62.399">
</testcase>
<testcase classname="Kragle Regression" name="Test: Validate verticool Animations effect: G512 (Mac 11.5, Wired)" time="72.936">
</testcase>
<testcase classname="Kragle Regression" name="Test: Validate PRIMARY FIXED Lightsync Presets: G403 (Mac 11.5, Wired)" time="365.804">
</testcase>
<testcase classname="Kragle Regression" name="Test: Validate PRIMARY CYCLE Lightsync Presets: G403 (Mac 11.5, Wired)" time="123.047">
</testcase>
<testcase classname="Kragle Regression" name="Test: Validate PRIMARY BREATHING Lightsync Presets: G403 (Mac 11.5, Wired)" time="134.331">
</testcase>
<testcase classname="Kragle Regression" name="Test: Validate PRIMARY SCREEN SAMPLER Lightsync Presets: G403 (Mac 11.5, Wired)" time="113.364">
<failure message="*HTML*ScreenSampler Effect Failed [Expected:'yellow', Actual:'blue']: blue != yellow &#10;&#10; &lt;a href=dmp_logs_2022_07_14_21_18_49.zip&gt;DEBUG_LOGS&lt;/a&gt; &#10;&#10; &lt;a href=end_test-screenshot-20220714-211849.png&gt;SCREENSHOT&lt;/a&gt; &#10;&#10; &lt;a href=/private/var/jenkins/workspace/sion_features_navigation_screens/report14072022_21_19_16_page_source.html&gt;PAGE_SOURCE&lt;/a&gt;" type="AssertionError"/>
</testcase>
<testcase classname="Kragle Regression" name="Test: Validate LOGO FIXED Lightsync Presets: G403 (Mac 11.5, Wired)" time="66.179">
</testcase>
<testcase classname="Kragle Regression" name="Test: Validate LOGO CYCLE Lightsync Presets: G403 (Mac 11.5, Wired)" time="122.559">
</testcase>
<testcase classname="Kragle Regression" name="Test: Validate LOGO BREATHING Lightsync Presets: G403 (Mac 11.5, Wired)" time="134.361">
</testcase>
<testcase classname="Kragle Regression" name="Test: Validate LOGO SCREEN SAMPLER Lightsync Presets: G403 (Mac 11.5, Wired)" time="110.408">
<failure message="*HTML*ScreenSampler Effect Failed [Expected:'yellow', Actual:'blue']: blue != yellow &#10;&#10; &lt;a href=dmp_logs_2022_07_14_21_26_50.zip&gt;DEBUG_LOGS&lt;/a&gt; &#10;&#10; &lt;a href=end_test-screenshot-20220714-212650.png&gt;SCREENSHOT&lt;/a&gt; &#10;&#10; &lt;a href=/private/var/jenkins/workspace/sion_features_navigation_screens/report14072022_21_27_14_page_source.html&gt;PAGE_SOURCE&lt;/a&gt;" type="AssertionError"/>
</testcase>
<testcase classname="Kragle Regression" name="Test: Validate PRIMARY FIXED Lightsync Presets: G703 LIGHTSPEED (Mac 11.5, Wired)" time="352.828">
</testcase>
<testcase classname="Kragle Regression" name="Test: Validate PRIMARY CYCLE Lightsync Presets: G703 LIGHTSPEED (Mac 11.5, Wired)" time="133.364">
</testcase>
<testcase classname="Kragle Regression" name="Test: Validate PRIMARY BREATHING Lightsync Presets: G703 LIGHTSPEED (Mac 11.5, Wired)" time="147.800">
</testcase>
<testcase classname="Kragle Regression" name="Test: Validate PRIMARY SCREEN SAMPLER Lightsync Presets: G703 LIGHTSPEED (Mac 11.5, Wired)" time="115.799">
<failure message="*HTML*ScreenSampler Effect Failed [Expected:'yellow', Actual:'blue']: blue != yellow &#10;&#10; &lt;a href=dmp_logs_2022_07_14_21_40_03.zip&gt;DEBUG_LOGS&lt;/a&gt; &#10;&#10; &lt;a href=end_test-screenshot-20220714-214002.png&gt;SCREENSHOT&lt;/a&gt; &#10;&#10; &lt;a href=/private/var/jenkins/workspace/sion_features_navigation_screens/report14072022_21_40_29_page_source.html&gt;PAGE_SOURCE&lt;/a&gt;" type="AssertionError"/>
</testcase>
<testcase classname="Kragle Regression" name="Test: Validate PRIMARY AUDIO VISUALIZER Lightsync Presets: G703 LIGHTSPEED (Mac 11.5, Wired)" time="91.252">
<skipped message="Audio Visualizer effect is not supported in MAC system&#10;&#10;Also keyword teardown failed:&#10;Several failures occurred:&#10;&#10;1) Failure: Selector &quot;//h5[contains(text(),'EFFECT')]/ancestor::div[@class='panel-section']/child::div/descendant::span[@class='glyphicon glyphicon-chevron-down']&quot; is Not Loaded&#10;&#10;2) Failure: Selector &quot;.dropdown-item&quot; with attribute(s) &quot;{'innerText': 'FIXED'}&quot; is Not Loaded" type="SkipExecution"/>
</testcase>
<testcase classname="Kragle Regression" name="Test: Validate LOGO FIXED Lightsync Presets: G703 LIGHTSPEED (Mac 11.5, Wired)" time="97.465">
</testcase>
<testcase classname="Kragle Regression" name="Test: Validate LOGO CYCLE Lightsync Presets: G703 LIGHTSPEED (Mac 11.5, Wired)" time="133.226">
</testcase>
<testcase classname="Kragle Regression" name="Test: Validate LOGO BREATHING Lightsync Presets: G703 LIGHTSPEED (Mac 11.5, Wired)" time="147.665">
</testcase>
<testcase classname="Kragle Regression" name="Test: Validate LOGO SCREEN SAMPLER Lightsync Presets: G703 LIGHTSPEED (Mac 11.5, Wired)" time="114.484">
<failure message="*HTML*ScreenSampler Effect Failed [Expected:'yellow', Actual:'blue']: blue != yellow &#10;&#10; &lt;a href=dmp_logs_2022_07_14_21_50_33.zip&gt;DEBUG_LOGS&lt;/a&gt; &#10;&#10; &lt;a href=end_test-screenshot-20220714-215032.png&gt;SCREENSHOT&lt;/a&gt; &#10;&#10; &lt;a href=/private/var/jenkins/workspace/sion_features_navigation_screens/report14072022_21_50_57_page_source.html&gt;PAGE_SOURCE&lt;/a&gt;" type="AssertionError"/>
</testcase>
<testcase classname="Kragle Regression" name="Test: Validate LOGO AUDIO VISUALIZER Lightsync Presets: G703 LIGHTSPEED (Mac 11.5, Wired)" time="92.173">
<skipped message="Audio Visualizer effect is not supported in MAC system&#10;&#10;Also keyword teardown failed:&#10;Several failures occurred:&#10;&#10;1) Failure: Selector &quot;//h5[contains(text(),'EFFECT')]/ancestor::div[@class='panel-section']/child::div/descendant::span[@class='glyphicon glyphicon-chevron-down']&quot; is Not Loaded&#10;&#10;2) Failure: Selector &quot;.dropdown-item&quot; with attribute(s) &quot;{'innerText': 'FIXED'}&quot; is Not Loaded" type="SkipExecution"/>
</testcase>
<testcase classname="Kragle Regression" name="Test: Validate PRESETS FIXED Lightsync Presets: G915 (Mac 11.5, Wired)" time="112.935">
</testcase>
<testcase classname="Kragle Regression" name="Test: Validate PRESETS CYCLE Lightsync Presets: G915 (Mac 11.5, Wired)" time="163.695">
</testcase>
<testcase classname="Kragle Regression" name="Test: Validate PRESETS COLOR WAVE Lightsync Presets: G915 (Mac 11.5, Wired)" time="214.246">
</testcase>
<testcase classname="Kragle Regression" name="Test: Validate PRESETS BREATHING Lightsync Presets: G915 (Mac 11.5, Wired)" time="181.189">
</testcase>
<testcase classname="Kragle Regression" name="Test: Validate PRESETS RIPPLE Lightsync Presets: G915 (Mac 11.5, Wired)" time="178.707">
</testcase>
<testcase classname="Kragle Regression" name="Test: Validate PRESETS STARLIGHT Lightsync Presets: G915 (Mac 11.5, Wired)" time="131.483">
</testcase>
<testcase classname="Kragle Regression" name="Test: Validate PRESETS ECHO PRESS Lightsync Presets: G915 (Mac 11.5, Wired)" time="122.258">
</testcase>
<testcase classname="Kragle Regression" name="Test: Validate PRESETS SCREEN SAMPLER Lightsync Presets: G915 (Mac 11.5, Wired)" time="126.978">
<failure message="*HTML*ScreenSampler Effect Failed [Expected:'yellow', Actual:'blue']: blue != yellow &#10;&#10; &lt;a href=dmp_logs_2022_07_14_22_13_16.zip&gt;DEBUG_LOGS&lt;/a&gt; &#10;&#10; &lt;a href=end_test-screenshot-20220714-221314.png&gt;SCREENSHOT&lt;/a&gt; &#10;&#10; &lt;a href=/private/var/jenkins/workspace/sion_features_navigation_screens/report14072022_22_13_45_page_source.html&gt;PAGE_SOURCE&lt;/a&gt;" type="AssertionError"/>
</testcase>
<testcase classname="Kragle Regression" name="Test: Validate PRESETS AUDIO VISUALIZER Lightsync Presets: G915 (Mac 11.5, Wired)" time="90.969">
<skipped message="Audio Visualizer effect is not supported in MAC system&#10;&#10;Also keyword teardown failed:&#10;Several failures occurred:&#10;&#10;1) Failure: Selector &quot;//h5[contains(text(),'EFFECT')]/ancestor::div[@class='panel-section']/child::div/descendant::span[@class='glyphicon glyphicon-chevron-down']&quot; is Not Loaded&#10;&#10;2) Failure: Selector &quot;.dropdown-item&quot; with attribute(s) &quot;{'innerText': 'FIXED'}&quot; is Not Loaded" type="SkipExecution"/>
</testcase>
<testcase classname="Kragle Regression" name="Test: Validate WASD quick color Freestyle effect: G915 (Mac 11.5, Wired)" time="114.464">
</testcase>
<testcase classname="Kragle Regression" name="Test: Validate NUMBERS quick color Freestyle effect: G915 (Mac 11.5, Wired)" time="109.893">
</testcase>
<testcase classname="Kragle Regression" name="Test: Validate F KEYS quick color Freestyle effect: G915 (Mac 11.5, Wired)" time="110.094">
</testcase>
<testcase classname="Kragle Regression" name="Test: Validate G KEYS quick color Freestyle effect: G915 (Mac 11.5, Wired)" time="78.887">
</testcase>
<testcase classname="Kragle Regression" name="Test: Validate MODIFIER quick color Freestyle effect: G915 (Mac 11.5, Wired)" time="79.367">
</testcase>
<testcase classname="Kragle Regression" name="Test: Validate ARROW KEYS quick color Freestyle effect: G915 (Mac 11.5, Wired)" time="109.680">
</testcase>
<testcase classname="Kragle Regression" name="Test: Validate LOGO quick color Freestyle effect: G915 (Mac 11.5, Wired)" time="122.130">
</testcase>
<testcase classname="Kragle Regression" name="Test: Validate contrastic Animations effect: G915 (Mac 11.5, Wired)" time="100.959">
</testcase>
<testcase classname="Kragle Regression" name="Test: Validate lightning Animations effect: G915 (Mac 11.5, Wired)" time="61.893">
</testcase>
<testcase classname="Kragle Regression" name="Test: Validate ocean wave Animations effect: G915 (Mac 11.5, Wired)" time="62.394">
</testcase>
<testcase classname="Kragle Regression" name="Test: Validate red white and blue Animations effect: G915 (Mac 11.5, Wired)" time="63.332">
</testcase>
<testcase classname="Kragle Regression" name="Test: Validate verticool Animations effect: G915 (Mac 11.5, Wired)" time="79.814">
</testcase>
<testcase classname="Kragle Regression" name="Disconnect: G915:wired &amp; Connect: G203" time="2.198">
</testcase>
<testcase classname="Kragle Regression" name="Disconnect: G203 &amp; Connect: G903 LIGHTSPEED" time="2.151">
</testcase>
<testcase classname="Kragle Regression" name="Disconnect: G903 LIGHTSPEED &amp; Connect: G512" time="2.136">
</testcase>
<testcase classname="Kragle Regression" name="Disconnect: G512 &amp; Connect: G403" time="2.144">
</testcase>
<testcase classname="Kragle Regression" name="Disconnect: G403 &amp; Connect: G703 LIGHTSPEED" time="2.160">
</testcase>
<testcase classname="Kragle Regression" name="Disconnect: G703 LIGHTSPEED &amp; Connect: G915" time="2.135">
</testcase>
</testsuite>
